[0m14:27:57.595330 [debug] [MainThread]: Sending event: {'category': 'dbt', 'action': 'invocation', 'label': 'start', 'context': [<snowplow_tracker.self_describing_json.SelfDescribingJson object at 0x1054a0770>, <snowplow_tracker.self_describing_json.SelfDescribingJson object at 0x105c9a6c0>, <snowplow_tracker.self_describing_json.SelfDescribingJson object at 0x105c9a3f0>]}


============================== 14:27:57.601498 | cb528e81-5871-49c1-b22f-bf4bc576df84 ==============================
[0m14:27:57.601498 [info ] [MainThread]: Running with dbt=1.10.15
[0m14:27:57.601862 [debug] [MainThread]: running dbt with arguments {'version_check': 'True', 'send_anonymous_usage_stats': 'True', 'invocation_command': 'dbt init', 'printer_width': '80', 'write_json': 'True', 'use_experimental_parser': 'False', 'no_print': 'None', 'target_path': 'None', 'log_path': 'logs', 'introspect': 'True', 'debug': 'False', 'use_colors': 'True', 'cache_selected_only': 'False', 'log_format': 'default', 'empty': 'None', 'warn_error_options': 'WarnErrorOptionsV2(error=[], warn=[], silence=[])', 'quiet': 'False', 'profiles_dir': '/Users/felipecortes/.dbt', 'indirect_selection': 'eager', 'partial_parse': 'True', 'static_parser': 'True', 'warn_error': 'None', 'fail_fast': 'False', 'log_cache_events': 'False'}
[0m14:27:57.614017 [info ] [MainThread]: Creating dbt configuration folder at /Users/felipecortes/.dbt
[0m14:29:20.610214 [debug] [MainThread]: Starter project path: /Users/felipecortes/Tecnology/dbt/dbt_venv/lib/python3.12/site-packages/dbt/include/starter_project
[0m14:29:20.622478 [info ] [MainThread]: 
Your new dbt project "dbt_m" was created!

For more information on how to configure the profiles.yml file,
please consult the dbt documentation here:

  https://docs.getdbt.com/docs/configure-your-profile

One more thing:

Need help? Don't hesitate to reach out to us via GitHub issues or on Slack:

  https://community.getdbt.com/

Happy modeling!

[0m14:29:20.622918 [info ] [MainThread]: Setting up your profile.
[0m14:31:01.872237 [info ] [MainThread]: Profile dbt_m written to /Users/felipecortes/.dbt/profiles.yml using target's profile_template.yml and your supplied values. Run 'dbt debug' to validate the connection.
[0m14:31:02.012117 [debug] [MainThread]: Resource report: {"command_name": "init", "command_success": true, "command_wall_clock_time": 184.46255, "process_in_blocks": "0", "process_kernel_time": 0.663553, "process_mem_max_rss": "360464384", "process_out_blocks": "0", "process_user_time": 2.226621}
[0m14:31:02.015029 [debug] [MainThread]: Command `dbt init` succeeded at 14:31:02.014752 after 184.47 seconds
[0m14:31:02.016156 [debug] [MainThread]: Sending event: {'category': 'dbt', 'action': 'invocation', 'label': 'end', 'context': [<snowplow_tracker.self_describing_json.SelfDescribingJson object at 0x105c9a4e0>, <snowplow_tracker.self_describing_json.SelfDescribingJson object at 0x157c46150>, <snowplow_tracker.self_describing_json.SelfDescribingJson object at 0x157c45fd0>]}
[0m14:31:02.016938 [debug] [MainThread]: Flushing usage events
[0m14:31:02.261931 [debug] [MainThread]: An error was encountered while trying to flush usage events
[0m14:57:30.195790 [debug] [MainThread]: Sending event: {'category': 'dbt', 'action': 'invocation', 'label': 'start', 'context': [<snowplow_tracker.self_describing_json.SelfDescribingJson object at 0x10a5925d0>, <snowplow_tracker.self_describing_json.SelfDescribingJson object at 0x10a49c4a0>, <snowplow_tracker.self_describing_json.SelfDescribingJson object at 0x108db2fc0>]}


============================== 14:57:30.199156 | 0bcf1ac4-c6e4-49fe-b2fb-d72f6d1205d4 ==============================
[0m14:57:30.199156 [info ] [MainThread]: Running with dbt=1.10.15
[0m14:57:30.199476 [debug] [MainThread]: running dbt with arguments {'send_anonymous_usage_stats': 'True', 'warn_error': 'None', 'version_check': 'True', 'target_path': 'None', 'indirect_selection': 'eager', 'no_print': 'None', 'write_json': 'True', 'empty': 'None', 'debug': 'False', 'cache_selected_only': 'False', 'quiet': 'False', 'profiles_dir': '/Users/felipecortes/.dbt', 'static_parser': 'True', 'partial_parse': 'True', 'warn_error_options': 'WarnErrorOptionsV2(error=[], warn=[], silence=[])', 'use_colors': 'True', 'printer_width': '80', 'log_cache_events': 'False', 'fail_fast': 'False', 'introspect': 'True', 'use_experimental_parser': 'False', 'log_format': 'default', 'log_path': 'logs', 'invocation_command': 'dbt debug'}
[0m14:57:30.212042 [info ] [MainThread]: dbt version: 1.10.15
[0m14:57:30.212246 [info ] [MainThread]: python version: 3.12.12
[0m14:57:30.212379 [info ] [MainThread]: python path: /Users/felipecortes/Tecnology/dbt/dbt_venv/bin/python3.12
[0m14:57:30.212505 [info ] [MainThread]: os info: macOS-15.6.1-arm64-arm-64bit
[0m14:57:33.191759 [info ] [MainThread]: Using profiles dir at /Users/felipecortes/.dbt
[0m14:57:33.192018 [info ] [MainThread]: Using profiles.yml file at /Users/felipecortes/.dbt/profiles.yml
[0m14:57:33.192166 [info ] [MainThread]: Using dbt_project.yml file at /Users/felipecortes/Tecnology/dbt/dbt/dbt_project.yml
[0m14:57:33.192296 [info ] [MainThread]: adapter type: bigquery
[0m14:57:33.192416 [info ] [MainThread]: adapter version: 1.10.3
[0m14:57:33.192547 [info ] [MainThread]: Configuration:
[0m14:57:33.192666 [info ] [MainThread]:   profiles.yml file [[32mOK found and valid[0m]
[0m14:57:33.192779 [info ] [MainThread]:   dbt_project.yml file [[31mERROR not found[0m]
[0m14:57:33.192894 [info ] [MainThread]: Required dependencies:
[0m14:57:33.193326 [debug] [MainThread]: Executing "git --help"
[0m14:57:33.269161 [debug] [MainThread]: STDOUT: "b"usage: git [-v | --version] [-h | --help] [-C <path>] [-c <name>=<value>]\n           [--exec-path[=<path>]] [--html-path] [--man-path] [--info-path]\n           [-p | --paginate | -P | --no-pager] [--no-replace-objects] [--bare]\n           [--git-dir=<path>] [--work-tree=<path>] [--namespace=<name>]\n           [--super-prefix=<path>] [--config-env=<name>=<envvar>]\n           <command> [<args>]\n\nThese are common Git commands used in various situations:\n\nstart a working area (see also: git help tutorial)\n   clone     Clone a repository into a new directory\n   init      Create an empty Git repository or reinitialize an existing one\n\nwork on the current change (see also: git help everyday)\n   add       Add file contents to the index\n   mv        Move or rename a file, a directory, or a symlink\n   restore   Restore working tree files\n   rm        Remove files from the working tree and from the index\n\nexamine the history and state (see also: git help revisions)\n   bisect    Use binary search to find the commit that introduced a bug\n   diff      Show changes between commits, commit and working tree, etc\n   grep      Print lines matching a pattern\n   log       Show commit logs\n   show      Show various types of objects\n   status    Show the working tree status\n\ngrow, mark and tweak your common history\n   branch    List, create, or delete branches\n   commit    Record changes to the repository\n   merge     Join two or more development histories together\n   rebase    Reapply commits on top of another base tip\n   reset     Reset current HEAD to the specified state\n   switch    Switch branches\n   tag       Create, list, delete or verify a tag object signed with GPG\n\ncollaborate (see also: git help workflows)\n   fetch     Download objects and refs from another repository\n   pull      Fetch from and integrate with another repository or a local branch\n   push      Update remote refs along with associated objects\n\n'git help -a' and 'git help -g' list available subcommands and some\nconcept guides. See 'git help <command>' or 'git help <concept>'\nto read about a specific subcommand or concept.\nSee 'git help git' for an overview of the system.\n""
[0m14:57:33.269719 [debug] [MainThread]: STDERR: "b''"
[0m14:57:33.269920 [info ] [MainThread]:  - git [[32mOK found[0m]

[0m14:57:33.270101 [info ] [MainThread]: Connection:
[0m14:57:33.270271 [info ] [MainThread]:   method: oauth
[0m14:57:33.270398 [info ] [MainThread]:   database: analytics-trendlabs
[0m14:57:33.270544 [info ] [MainThread]:   execution_project: analytics-trendlabs
[0m14:57:33.270657 [info ] [MainThread]:   schema: dbt
[0m14:57:33.270767 [info ] [MainThread]:   location: US
[0m14:57:33.270874 [info ] [MainThread]:   priority: interactive
[0m14:57:33.270980 [info ] [MainThread]:   maximum_bytes_billed: None
[0m14:57:33.271093 [info ] [MainThread]:   impersonate_service_account: None
[0m14:57:33.271194 [info ] [MainThread]:   job_retry_deadline_seconds: None
[0m14:57:33.271301 [info ] [MainThread]:   job_retries: 1
[0m14:57:33.271402 [info ] [MainThread]:   job_creation_timeout_seconds: None
[0m14:57:33.271519 [info ] [MainThread]:   job_execution_timeout_seconds: 300
[0m14:57:33.271620 [info ] [MainThread]:   timeout_seconds: 300
[0m14:57:33.271723 [info ] [MainThread]:   client_id: None
[0m14:57:33.271835 [info ] [MainThread]:   token_uri: None
[0m14:57:33.271939 [info ] [MainThread]:   compute_region: None
[0m14:57:33.272042 [info ] [MainThread]:   dataproc_cluster_name: None
[0m14:57:33.272146 [info ] [MainThread]:   gcs_bucket: None
[0m14:57:33.272249 [info ] [MainThread]:   dataproc_batch: None
[0m14:57:33.272597 [info ] [MainThread]: Registered adapter: bigquery=1.10.3
[0m14:57:33.574489 [debug] [MainThread]: Acquiring new bigquery connection 'debug'
[0m14:57:33.574906 [debug] [MainThread]: On debug: select 1 as id
[0m14:57:33.575074 [debug] [MainThread]: Opening a new connection, currently in state init
[0m14:57:36.171129 [info ] [MainThread]:   Connection test: [[31mERROR[0m]

[0m14:57:36.171855 [info ] [MainThread]: [31m2 checks failed:[0m
[0m14:57:36.172092 [info ] [MainThread]: Project loading failed for the following reason:
 project path </Users/felipecortes/Tecnology/dbt/dbt/dbt_project.yml> not found

[0m14:57:36.172276 [info ] [MainThread]: dbt was unable to connect to the specified database.
The database returned the following error:

  >Database Error
  Unable to generate access token, if you're using impersonate_service_account, make sure your initial account has the "roles/iam.serviceAccountTokenCreator" role on the account you are trying to impersonate.
  
  ('invalid_grant: Bad Request', {'error': 'invalid_grant', 'error_description': 'Bad Request'})

Check your database credentials and try again. For more information, visit:
https://docs.getdbt.com/docs/configure-your-profile


[0m14:57:36.176018 [debug] [MainThread]: Resource report: {"command_name": "debug", "command_success": false, "command_wall_clock_time": 6.0336895, "process_in_blocks": "0", "process_kernel_time": 0.608673, "process_mem_max_rss": "362938368", "process_out_blocks": "0", "process_user_time": 1.852407}
[0m14:57:36.176684 [debug] [MainThread]: Command `dbt debug` failed at 14:57:36.176614 after 6.03 seconds
[0m14:57:36.176938 [debug] [MainThread]: Connection 'debug' was properly closed.
[0m14:57:36.177159 [debug] [MainThread]: Sending event: {'category': 'dbt', 'action': 'invocation', 'label': 'end', 'context': [<snowplow_tracker.self_describing_json.SelfDescribingJson object at 0x13dde9df0>, <snowplow_tracker.self_describing_json.SelfDescribingJson object at 0x10a820ce0>, <snowplow_tracker.self_describing_json.SelfDescribingJson object at 0x13f2fe060>]}
[0m14:57:36.177404 [debug] [MainThread]: Flushing usage events
[0m14:57:36.386956 [debug] [MainThread]: An error was encountered while trying to flush usage events
[0m14:57:51.054715 [debug] [MainThread]: Sending event: {'category': 'dbt', 'action': 'invocation', 'label': 'start', 'context': [<snowplow_tracker.self_describing_json.SelfDescribingJson object at 0x108ce13d0>, <snowplow_tracker.self_describing_json.SelfDescribingJson object at 0x109257bc0>, <snowplow_tracker.self_describing_json.SelfDescribingJson object at 0x108ce0410>]}


============================== 14:57:51.058449 | 10af2dca-4326-40ae-851f-f774e173d9ad ==============================
[0m14:57:51.058449 [info ] [MainThread]: Running with dbt=1.10.15
[0m14:57:51.058759 [debug] [MainThread]: running dbt with arguments {'static_parser': 'True', 'indirect_selection': 'eager', 'partial_parse': 'True', 'introspect': 'True', 'no_print': 'None', 'printer_width': '80', 'send_anonymous_usage_stats': 'True', 'log_format': 'default', 'warn_error_options': 'WarnErrorOptionsV2(error=[], warn=[], silence=[])', 'debug': 'False', 'cache_selected_only': 'False', 'write_json': 'True', 'invocation_command': 'dbt debug', 'version_check': 'True', 'fail_fast': 'False', 'use_colors': 'True', 'warn_error': 'None', 'empty': 'None', 'quiet': 'False', 'profiles_dir': '/Users/felipecortes/.dbt', 'log_cache_events': 'False', 'log_path': 'logs', 'target_path': 'None', 'use_experimental_parser': 'False'}
[0m14:57:51.071560 [info ] [MainThread]: dbt version: 1.10.15
[0m14:57:51.071759 [info ] [MainThread]: python version: 3.12.12
[0m14:57:51.071896 [info ] [MainThread]: python path: /Users/felipecortes/Tecnology/dbt/dbt_venv/bin/python3.12
[0m14:57:51.072016 [info ] [MainThread]: os info: macOS-15.6.1-arm64-arm-64bit
[0m14:57:53.276025 [info ] [MainThread]: Using profiles dir at /Users/felipecortes/.dbt
[0m14:57:53.276299 [info ] [MainThread]: Using profiles.yml file at /Users/felipecortes/.dbt/profiles.yml
[0m14:57:53.276450 [info ] [MainThread]: Using dbt_project.yml file at /Users/felipecortes/Tecnology/dbt/dbt/dbt_project.yml
[0m14:57:53.276582 [info ] [MainThread]: adapter type: bigquery
[0m14:57:53.276710 [info ] [MainThread]: adapter version: 1.10.3
[0m14:57:53.276847 [info ] [MainThread]: Configuration:
[0m14:57:53.276969 [info ] [MainThread]:   profiles.yml file [[32mOK found and valid[0m]
[0m14:57:53.277235 [info ] [MainThread]:   dbt_project.yml file [[31mERROR not found[0m]
[0m14:57:53.277420 [info ] [MainThread]: Required dependencies:
[0m14:57:53.277750 [debug] [MainThread]: Executing "git --help"
[0m14:57:53.314641 [debug] [MainThread]: STDOUT: "b"usage: git [-v | --version] [-h | --help] [-C <path>] [-c <name>=<value>]\n           [--exec-path[=<path>]] [--html-path] [--man-path] [--info-path]\n           [-p | --paginate | -P | --no-pager] [--no-replace-objects] [--bare]\n           [--git-dir=<path>] [--work-tree=<path>] [--namespace=<name>]\n           [--super-prefix=<path>] [--config-env=<name>=<envvar>]\n           <command> [<args>]\n\nThese are common Git commands used in various situations:\n\nstart a working area (see also: git help tutorial)\n   clone     Clone a repository into a new directory\n   init      Create an empty Git repository or reinitialize an existing one\n\nwork on the current change (see also: git help everyday)\n   add       Add file contents to the index\n   mv        Move or rename a file, a directory, or a symlink\n   restore   Restore working tree files\n   rm        Remove files from the working tree and from the index\n\nexamine the history and state (see also: git help revisions)\n   bisect    Use binary search to find the commit that introduced a bug\n   diff      Show changes between commits, commit and working tree, etc\n   grep      Print lines matching a pattern\n   log       Show commit logs\n   show      Show various types of objects\n   status    Show the working tree status\n\ngrow, mark and tweak your common history\n   branch    List, create, or delete branches\n   commit    Record changes to the repository\n   merge     Join two or more development histories together\n   rebase    Reapply commits on top of another base tip\n   reset     Reset current HEAD to the specified state\n   switch    Switch branches\n   tag       Create, list, delete or verify a tag object signed with GPG\n\ncollaborate (see also: git help workflows)\n   fetch     Download objects and refs from another repository\n   pull      Fetch from and integrate with another repository or a local branch\n   push      Update remote refs along with associated objects\n\n'git help -a' and 'git help -g' list available subcommands and some\nconcept guides. See 'git help <command>' or 'git help <concept>'\nto read about a specific subcommand or concept.\nSee 'git help git' for an overview of the system.\n""
[0m14:57:53.315117 [debug] [MainThread]: STDERR: "b''"
[0m14:57:53.315303 [info ] [MainThread]:  - git [[32mOK found[0m]

[0m14:57:53.315476 [info ] [MainThread]: Connection:
[0m14:57:53.315661 [info ] [MainThread]:   method: oauth
[0m14:57:53.315787 [info ] [MainThread]:   database: analytics-trendlabs
[0m14:57:53.315904 [info ] [MainThread]:   execution_project: analytics-trendlabs
[0m14:57:53.316022 [info ] [MainThread]:   schema: dbt
[0m14:57:53.316132 [info ] [MainThread]:   location: US
[0m14:57:53.316242 [info ] [MainThread]:   priority: interactive
[0m14:57:53.316357 [info ] [MainThread]:   maximum_bytes_billed: None
[0m14:57:53.316465 [info ] [MainThread]:   impersonate_service_account: None
[0m14:57:53.316578 [info ] [MainThread]:   job_retry_deadline_seconds: None
[0m14:57:53.316686 [info ] [MainThread]:   job_retries: 1
[0m14:57:53.316803 [info ] [MainThread]:   job_creation_timeout_seconds: None
[0m14:57:53.316919 [info ] [MainThread]:   job_execution_timeout_seconds: 300
[0m14:57:53.317029 [info ] [MainThread]:   timeout_seconds: 300
[0m14:57:53.317142 [info ] [MainThread]:   client_id: None
[0m14:57:53.317247 [info ] [MainThread]:   token_uri: None
[0m14:57:53.317357 [info ] [MainThread]:   compute_region: None
[0m14:57:53.317462 [info ] [MainThread]:   dataproc_cluster_name: None
[0m14:57:53.317569 [info ] [MainThread]:   gcs_bucket: None
[0m14:57:53.317675 [info ] [MainThread]:   dataproc_batch: None
[0m14:57:53.318055 [info ] [MainThread]: Registered adapter: bigquery=1.10.3
[0m14:57:53.446799 [debug] [MainThread]: Acquiring new bigquery connection 'debug'
[0m14:57:53.447203 [debug] [MainThread]: On debug: select 1 as id
[0m14:57:53.447372 [debug] [MainThread]: Opening a new connection, currently in state init
[0m14:57:54.120495 [info ] [MainThread]:   Connection test: [[31mERROR[0m]

[0m14:57:54.120950 [info ] [MainThread]: [31m2 checks failed:[0m
[0m14:57:54.121103 [info ] [MainThread]: Project loading failed for the following reason:
 project path </Users/felipecortes/Tecnology/dbt/dbt/dbt_project.yml> not found

[0m14:57:54.121243 [info ] [MainThread]: dbt was unable to connect to the specified database.
The database returned the following error:

  >Database Error
  Unable to generate access token, if you're using impersonate_service_account, make sure your initial account has the "roles/iam.serviceAccountTokenCreator" role on the account you are trying to impersonate.
  
  ('invalid_grant: Bad Request', {'error': 'invalid_grant', 'error_description': 'Bad Request'})

Check your database credentials and try again. For more information, visit:
https://docs.getdbt.com/docs/configure-your-profile


[0m14:57:54.124361 [debug] [MainThread]: Resource report: {"command_name": "debug", "command_success": false, "command_wall_clock_time": 3.1130288, "process_in_blocks": "0", "process_kernel_time": 0.486585, "process_mem_max_rss": "370753536", "process_out_blocks": "0", "process_user_time": 1.849522}
[0m14:57:54.124667 [debug] [MainThread]: Command `dbt debug` failed at 14:57:54.124608 after 3.11 seconds
[0m14:57:54.125189 [debug] [MainThread]: Connection 'debug' was properly closed.
[0m14:57:54.125393 [debug] [MainThread]: Sending event: {'category': 'dbt', 'action': 'invocation', 'label': 'end', 'context': [<snowplow_tracker.self_describing_json.SelfDescribingJson object at 0x12f9a5df0>, <snowplow_tracker.self_describing_json.SelfDescribingJson object at 0x13f4b5be0>, <snowplow_tracker.self_describing_json.SelfDescribingJson object at 0x13f4b5e80>]}
[0m14:57:54.125617 [debug] [MainThread]: Flushing usage events
[0m14:57:54.261430 [debug] [MainThread]: An error was encountered while trying to flush usage events
[0m15:10:28.215559 [debug] [MainThread]: Sending event: {'category': 'dbt', 'action': 'invocation', 'label': 'start', 'context': [<snowplow_tracker.self_describing_json.SelfDescribingJson object at 0x10755a690>, <snowplow_tracker.self_describing_json.SelfDescribingJson object at 0x108f18c80>, <snowplow_tracker.self_describing_json.SelfDescribingJson object at 0x1089fc3e0>]}


============================== 15:10:28.219273 | 3da95703-a108-4042-b41d-15a3d6706baa ==============================
[0m15:10:28.219273 [info ] [MainThread]: Running with dbt=1.10.15
[0m15:10:28.219684 [debug] [MainThread]: running dbt with arguments {'quiet': 'False', 'cache_selected_only': 'False', 'no_print': 'None', 'debug': 'False', 'static_parser': 'True', 'introspect': 'True', 'warn_error_options': 'WarnErrorOptionsV2(error=[], warn=[], silence=[])', 'send_anonymous_usage_stats': 'True', 'log_path': 'logs', 'use_experimental_parser': 'False', 'indirect_selection': 'eager', 'fail_fast': 'False', 'warn_error': 'None', 'target_path': 'None', 'printer_width': '80', 'invocation_command': 'dbt debug', 'partial_parse': 'True', 'profiles_dir': '/Users/felipecortes/.dbt', 'write_json': 'True', 'use_colors': 'True', 'log_format': 'default', 'empty': 'None', 'version_check': 'True', 'log_cache_events': 'False'}
[0m15:10:28.234609 [info ] [MainThread]: dbt version: 1.10.15
[0m15:10:28.234864 [info ] [MainThread]: python version: 3.12.12
[0m15:10:28.235022 [info ] [MainThread]: python path: /Users/felipecortes/Tecnology/dbt/dbt_venv/bin/python3.12
[0m15:10:28.235155 [info ] [MainThread]: os info: macOS-15.6.1-arm64-arm-64bit
[0m15:10:30.778591 [info ] [MainThread]: Using profiles dir at /Users/felipecortes/.dbt
[0m15:10:30.778854 [info ] [MainThread]: Using profiles.yml file at /Users/felipecortes/.dbt/profiles.yml
[0m15:10:30.779002 [info ] [MainThread]: Using dbt_project.yml file at /Users/felipecortes/Tecnology/dbt/dbt/dbt_project.yml
[0m15:10:30.779140 [info ] [MainThread]: adapter type: bigquery
[0m15:10:30.779269 [info ] [MainThread]: adapter version: 1.10.3
[0m15:10:30.779400 [info ] [MainThread]: Configuration:
[0m15:10:30.779522 [info ] [MainThread]:   profiles.yml file [[32mOK found and valid[0m]
[0m15:10:30.779635 [info ] [MainThread]:   dbt_project.yml file [[31mERROR not found[0m]
[0m15:10:30.779754 [info ] [MainThread]: Required dependencies:
[0m15:10:30.780232 [debug] [MainThread]: Executing "git --help"
[0m15:10:30.850239 [debug] [MainThread]: STDOUT: "b"usage: git [-v | --version] [-h | --help] [-C <path>] [-c <name>=<value>]\n           [--exec-path[=<path>]] [--html-path] [--man-path] [--info-path]\n           [-p | --paginate | -P | --no-pager] [--no-replace-objects] [--bare]\n           [--git-dir=<path>] [--work-tree=<path>] [--namespace=<name>]\n           [--super-prefix=<path>] [--config-env=<name>=<envvar>]\n           <command> [<args>]\n\nThese are common Git commands used in various situations:\n\nstart a working area (see also: git help tutorial)\n   clone     Clone a repository into a new directory\n   init      Create an empty Git repository or reinitialize an existing one\n\nwork on the current change (see also: git help everyday)\n   add       Add file contents to the index\n   mv        Move or rename a file, a directory, or a symlink\n   restore   Restore working tree files\n   rm        Remove files from the working tree and from the index\n\nexamine the history and state (see also: git help revisions)\n   bisect    Use binary search to find the commit that introduced a bug\n   diff      Show changes between commits, commit and working tree, etc\n   grep      Print lines matching a pattern\n   log       Show commit logs\n   show      Show various types of objects\n   status    Show the working tree status\n\ngrow, mark and tweak your common history\n   branch    List, create, or delete branches\n   commit    Record changes to the repository\n   merge     Join two or more development histories together\n   rebase    Reapply commits on top of another base tip\n   reset     Reset current HEAD to the specified state\n   switch    Switch branches\n   tag       Create, list, delete or verify a tag object signed with GPG\n\ncollaborate (see also: git help workflows)\n   fetch     Download objects and refs from another repository\n   pull      Fetch from and integrate with another repository or a local branch\n   push      Update remote refs along with associated objects\n\n'git help -a' and 'git help -g' list available subcommands and some\nconcept guides. See 'git help <command>' or 'git help <concept>'\nto read about a specific subcommand or concept.\nSee 'git help git' for an overview of the system.\n""
[0m15:10:30.850810 [debug] [MainThread]: STDERR: "b''"
[0m15:10:30.851006 [info ] [MainThread]:  - git [[32mOK found[0m]

[0m15:10:30.851189 [info ] [MainThread]: Connection:
[0m15:10:30.851374 [info ] [MainThread]:   method: service-account
[0m15:10:30.851502 [info ] [MainThread]:   database: analytics-trendlabs
[0m15:10:30.851617 [info ] [MainThread]:   execution_project: analytics-trendlabs
[0m15:10:30.851811 [info ] [MainThread]:   schema: dbt_dw
[0m15:10:30.852006 [info ] [MainThread]:   location: None
[0m15:10:30.852206 [info ] [MainThread]:   priority: None
[0m15:10:30.852379 [info ] [MainThread]:   maximum_bytes_billed: None
[0m15:10:30.852661 [info ] [MainThread]:   impersonate_service_account: None
[0m15:10:30.852857 [info ] [MainThread]:   job_retry_deadline_seconds: None
[0m15:10:30.852983 [info ] [MainThread]:   job_retries: 1
[0m15:10:30.853098 [info ] [MainThread]:   job_creation_timeout_seconds: None
[0m15:10:30.853210 [info ] [MainThread]:   job_execution_timeout_seconds: None
[0m15:10:30.853316 [info ] [MainThread]:   timeout_seconds: None
[0m15:10:30.853423 [info ] [MainThread]:   client_id: None
[0m15:10:30.853524 [info ] [MainThread]:   token_uri: None
[0m15:10:30.853627 [info ] [MainThread]:   compute_region: None
[0m15:10:30.853729 [info ] [MainThread]:   dataproc_cluster_name: None
[0m15:10:30.853833 [info ] [MainThread]:   gcs_bucket: None
[0m15:10:30.853938 [info ] [MainThread]:   dataproc_batch: None
[0m15:10:30.854293 [info ] [MainThread]: Registered adapter: bigquery=1.10.3
[0m15:10:30.984814 [debug] [MainThread]: Acquiring new bigquery connection 'debug'
[0m15:10:30.985232 [debug] [MainThread]: On debug: select 1 as id
[0m15:10:30.985403 [debug] [MainThread]: Opening a new connection, currently in state init
[0m15:10:31.995037 [debug] [MainThread]: BigQuery adapter: https://console.cloud.google.com/bigquery?project=analytics-trendlabs&j=bq:US:c3020c7e-fd1c-4fc6-a3df-dd1fe6178fcd&page=queryresults
[0m15:10:32.517568 [info ] [MainThread]:   Connection test: [[32mOK connection ok[0m]

[0m15:10:32.518499 [info ] [MainThread]: [31m1 check failed:[0m
[0m15:10:32.518948 [info ] [MainThread]: Project loading failed for the following reason:
 project path </Users/felipecortes/Tecnology/dbt/dbt/dbt_project.yml> not found

[0m15:10:32.525398 [debug] [MainThread]: Resource report: {"command_name": "debug", "command_success": false, "command_wall_clock_time": 4.3718886, "process_in_blocks": "0", "process_kernel_time": 0.614003, "process_mem_max_rss": "375619584", "process_out_blocks": "0", "process_user_time": 1.95388}
[0m15:10:32.525738 [debug] [MainThread]: Command `dbt debug` failed at 15:10:32.525677 after 4.37 seconds
[0m15:10:32.525921 [debug] [MainThread]: Connection 'debug' was properly closed.
[0m15:10:32.526089 [debug] [MainThread]: Sending event: {'category': 'dbt', 'action': 'invocation', 'label': 'end', 'context': [<snowplow_tracker.self_describing_json.SelfDescribingJson object at 0x108822c60>, <snowplow_tracker.self_describing_json.SelfDescribingJson object at 0x106ce6000>, <snowplow_tracker.self_describing_json.SelfDescribingJson object at 0x14fdf2690>]}
[0m15:10:32.526298 [debug] [MainThread]: Flushing usage events
[0m15:10:32.805305 [debug] [MainThread]: An error was encountered while trying to flush usage events
